# JRE version: OpenJDK Runtime Environment (8.0_372-b07) (build 1.8.0_372-b07)
# Java VM: OpenJDK 64-Bit Server VM (25.372-b07 mixed mode windows-amd64 compressed oops)
Heap:
 PSYoungGen      total 139776K, used 73085K [0x000000076c400000, 0x000000077d500000, 0x00000007c0000000)
  eden space 129024K, 56% used [0x000000076c400000,0x0000000770b5f680,0x0000000774200000)
  from space 10752K, 0% used [0x0000000774200000,0x0000000774200000,0x0000000774c80000)
  to   space 10752K, 0% used [0x000000077ca80000,0x000000077ca80000,0x000000077d500000)
 ParOldGen       total 138240K, used 20732K [0x00000006c4c00000, 0x00000006cd300000, 0x000000076c400000)
  object space 138240K, 14% used [0x00000006c4c00000,0x00000006c603f2a8,0x00000006cd300000)
 Metaspace       used 24390K, capacity 24725K, committed 25088K, reserved 1071104K
  class space    used 2912K, capacity 3027K, committed 3072K, reserved 1048576K
GC Heap History (8 events):
Event: 0.756 GC heap before
{Heap before GC invocations=1 (full 0):
 PSYoungGen      total 75264K, used 64512K [0x000000076c400000, 0x0000000771800000, 0x00000007c0000000)
  eden space 64512K, 100% used [0x000000076c400000,0x0000000770300000,0x0000000770300000)
  from space 10752K, 0% used [0x0000000770d80000,0x0000000770d80000,0x0000000771800000)
  to   space 10752K, 0% used [0x0000000770300000,0x0000000770300000,0x0000000770d80000)
 ParOldGen       total 172032K, used 0K [0x00000006c4c00000, 0x00000006cf400000, 0x000000076c400000)
  object space 172032K, 0% used [0x00000006c4c00000,0x00000006c4c00000,0x00000006cf400000)
 Metaspace       used 10019K, capacity 10188K, committed 10368K, reserved 1058816K
  class space    used 1195K, capacity 1288K, committed 1408K, reserved 1048576K
Event: 0.767 GC heap after
Heap after GC invocations=1 (full 0):
 PSYoungGen      total 75264K, used 10748K [0x000000076c400000, 0x0000000775700000, 0x00000007c0000000)
  eden space 64512K, 0% used [0x000000076c400000,0x000000076c400000,0x0000000770300000)
  from space 10752K, 99% used [0x0000000770300000,0x0000000770d7f268,0x0000000770d80000)
  to   space 10752K, 0% used [0x0000000774c80000,0x0000000774c80000,0x0000000775700000)
 ParOldGen       total 172032K, used 3545K [0x00000006c4c00000, 0x00000006cf400000, 0x000000076c400000)
  object space 172032K, 2% used [0x00000006c4c00000,0x00000006c4f767b8,0x00000006cf400000)
 Metaspace       used 10019K, capacity 10188K, committed 10368K, reserved 1058816K
  class space    used 1195K, capacity 1288K, committed 1408K, reserved 1048576K
}
Event: 1.657 GC heap before
{Heap before GC invocations=2 (full 0):
 PSYoungGen      total 75264K, used 75260K [0x000000076c400000, 0x0000000775700000, 0x00000007c0000000)
  eden space 64512K, 100% used [0x000000076c400000,0x0000000770300000,0x0000000770300000)
  from space 10752K, 99% used [0x0000000770300000,0x0000000770d7f268,0x0000000770d80000)
  to   space 10752K, 0% used [0x0000000774c80000,0x0000000774c80000,0x0000000775700000)
 ParOldGen       total 172032K, used 3545K [0x00000006c4c00000, 0x00000006cf400000, 0x000000076c400000)
  object space 172032K, 2% used [0x00000006c4c00000,0x00000006c4f767b8,0x00000006cf400000)
 Metaspace       used 17235K, capacity 17454K, committed 17664K, reserved 1064960K
  class space    used 2197K, capacity 2291K, committed 2304K, reserved 1048576K
Event: 1.671 GC heap after
Heap after GC invocations=2 (full 0):
 PSYoungGen      total 139776K, used 10727K [0x000000076c400000, 0x0000000775700000, 0x00000007c0000000)
  eden space 129024K, 0% used [0x000000076c400000,0x000000076c400000,0x0000000774200000)
  from space 10752K, 99% used [0x0000000774c80000,0x00000007756f9c58,0x0000000775700000)
  to   space 10752K, 0% used [0x0000000774200000,0x0000000774200000,0x0000000774c80000)
 ParOldGen       total 172032K, used 11531K [0x00000006c4c00000, 0x00000006cf400000, 0x000000076c400000)
  object space 172032K, 6% used [0x00000006c4c00000,0x00000006c5742c30,0x00000006cf400000)
 Metaspace       used 17235K, capacity 17454K, committed 17664K, reserved 1064960K
  class space    used 2197K, capacity 2291K, committed 2304K, reserved 1048576K
}
Event: 3.129 GC heap before
{Heap before GC invocations=3 (full 0):
 PSYoungGen      total 139776K, used 55049K [0x000000076c400000, 0x0000000775700000, 0x00000007c0000000)
  eden space 129024K, 34% used [0x000000076c400000,0x000000076ef48b18,0x0000000774200000)
  from space 10752K, 99% used [0x0000000774c80000,0x00000007756f9c58,0x0000000775700000)
  to   space 10752K, 0% used [0x0000000774200000,0x0000000774200000,0x0000000774c80000)
 ParOldGen       total 172032K, used 11531K [0x00000006c4c00000, 0x00000006cf400000, 0x000000076c400000)
  object space 172032K, 6% used [0x00000006c4c00000,0x00000006c5742c30,0x00000006cf400000)
 Metaspace       used 20794K, capacity 21060K, committed 21248K, reserved 1067008K
  class space    used 2633K, capacity 2726K, committed 2816K, reserved 1048576K
Event: 3.150 GC heap after
Heap after GC invocations=3 (full 0):
 PSYoungGen      total 139776K, used 10720K [0x000000076c400000, 0x000000077d500000, 0x00000007c0000000)
  eden space 129024K, 0% used [0x000000076c400000,0x000000076c400000,0x0000000774200000)
  from space 10752K, 99% used [0x0000000774200000,0x0000000774c78308,0x0000000774c80000)
  to   space 10752K, 0% used [0x000000077ca80000,0x000000077ca80000,0x000000077d500000)
 ParOldGen       total 172032K, used 17531K [0x00000006c4c00000, 0x00000006cf400000, 0x000000076c400000)
  object space 172032K, 10% used [0x00000006c4c00000,0x00000006c5d1ef30,0x00000006cf400000)
 Metaspace       used 20794K, capacity 21060K, committed 21248K, reserved 1067008K
  class space    used 2633K, capacity 2726K, committed 2816K, reserved 1048576K
}
Event: 3.150 GC heap before
{Heap before GC invocations=4 (full 1):
 PSYoungGen      total 139776K, used 10720K [0x000000076c400000, 0x000000077d500000, 0x00000007c0000000)
  eden space 129024K, 0% used [0x000000076c400000,0x000000076c400000,0x0000000774200000)
  from space 10752K, 99% used [0x0000000774200000,0x0000000774c78308,0x0000000774c80000)
  to   space 10752K, 0% used [0x000000077ca80000,0x000000077ca80000,0x000000077d500000)
 ParOldGen       total 172032K, used 17531K [0x00000006c4c00000, 0x00000006cf400000, 0x000000076c400000)
  object space 172032K, 10% used [0x00000006c4c00000,0x00000006c5d1ef30,0x00000006cf400000)
 Metaspace       used 20794K, capacity 21060K, committed 21248K, reserved 1067008K
  class space    used 2633K, capacity 2726K, committed 2816K, reserved 1048576K
Event: 3.253 GC heap after
Heap after GC invocations=4 (full 1):
 PSYoungGen      total 139776K, used 0K [0x000000076c400000, 0x000000077d500000, 0x00000007c0000000)
  eden space 129024K, 0% used [0x000000076c400000,0x000000076c400000,0x0000000774200000)
  from space 10752K, 0% used [0x0000000774200000,0x0000000774200000,0x0000000774c80000)
  to   space 10752K, 0% used [0x000000077ca80000,0x000000077ca80000,0x000000077d500000)
 ParOldGen       total 138240K, used 20732K [0x00000006c4c00000, 0x00000006cd300000, 0x000000076c400000)
  object space 138240K, 14% used [0x00000006c4c00000,0x00000006c603f2a8,0x00000006cd300000)
 Metaspace       used 20794K, capacity 21060K, committed 21248K, reserved 1067008K
  class space    used 2633K, capacity 2726K, committed 2816K, reserved 1048576K
}

