# JRE version: OpenJDK Runtime Environment (8.0_372-b07) (build 1.8.0_372-b07)
# Java VM: OpenJDK 64-Bit Server VM (25.372-b07 mixed mode windows-amd64 compressed oops)
Heap:
 PSYoungGen      total 75264K, used 19855K [0x000000076c400000, 0x0000000775700000, 0x00000007c0000000)
  eden space 64512K, 30% used [0x000000076c400000,0x000000076d763c68,0x0000000770300000)
  from space 10752K, 0% used [0x0000000770300000,0x0000000770300000,0x0000000770d80000)
  to   space 10752K, 0% used [0x0000000774c80000,0x0000000774c80000,0x0000000775700000)
 ParOldGen       total 131072K, used 17633K [0x00000006c4c00000, 0x00000006ccc00000, 0x000000076c400000)
  object space 131072K, 13% used [0x00000006c4c00000,0x00000006c5d38638,0x00000006ccc00000)
 Metaspace       used 23856K, capacity 24119K, committed 24320K, reserved 1071104K
  class space    used 2887K, capacity 2984K, committed 3072K, reserved 1048576K
GC Heap History (8 events):
Event: 0.736 GC heap before
{Heap before GC invocations=1 (full 0):
 PSYoungGen      total 75264K, used 64512K [0x000000076c400000, 0x0000000771800000, 0x00000007c0000000)
  eden space 64512K, 100% used [0x000000076c400000,0x0000000770300000,0x0000000770300000)
  from space 10752K, 0% used [0x0000000770d80000,0x0000000770d80000,0x0000000771800000)
  to   space 10752K, 0% used [0x0000000770300000,0x0000000770300000,0x0000000770d80000)
 ParOldGen       total 172032K, used 0K [0x00000006c4c00000, 0x00000006cf400000, 0x000000076c400000)
  object space 172032K, 0% used [0x00000006c4c00000,0x00000006c4c00000,0x00000006cf400000)
 Metaspace       used 10011K, capacity 10192K, committed 10368K, reserved 1058816K
  class space    used 1195K, capacity 1288K, committed 1408K, reserved 1048576K
Event: 0.743 GC heap after
Heap after GC invocations=1 (full 0):
 PSYoungGen      total 75264K, used 10732K [0x000000076c400000, 0x0000000771800000, 0x00000007c0000000)
  eden space 64512K, 0% used [0x000000076c400000,0x000000076c400000,0x0000000770300000)
  from space 10752K, 99% used [0x0000000770300000,0x0000000770d7b258,0x0000000770d80000)
  to   space 10752K, 0% used [0x0000000770d80000,0x0000000770d80000,0x0000000771800000)
 ParOldGen       total 172032K, used 3637K [0x00000006c4c00000, 0x00000006cf400000, 0x000000076c400000)
  object space 172032K, 2% used [0x00000006c4c00000,0x00000006c4f8d728,0x00000006cf400000)
 Metaspace       used 10011K, capacity 10192K, committed 10368K, reserved 1058816K
  class space    used 1195K, capacity 1288K, committed 1408K, reserved 1048576K
}
Event: 1.425 GC heap before
{Heap before GC invocations=2 (full 0):
 PSYoungGen      total 75264K, used 75244K [0x000000076c400000, 0x0000000771800000, 0x00000007c0000000)
  eden space 64512K, 100% used [0x000000076c400000,0x0000000770300000,0x0000000770300000)
  from space 10752K, 99% used [0x0000000770300000,0x0000000770d7b258,0x0000000770d80000)
  to   space 10752K, 0% used [0x0000000770d80000,0x0000000770d80000,0x0000000771800000)
 ParOldGen       total 172032K, used 3637K [0x00000006c4c00000, 0x00000006cf400000, 0x000000076c400000)
  object space 172032K, 2% used [0x00000006c4c00000,0x00000006c4f8d728,0x00000006cf400000)
 Metaspace       used 17222K, capacity 17394K, committed 17664K, reserved 1064960K
  class space    used 2197K, capacity 2291K, committed 2304K, reserved 1048576K
Event: 1.436 GC heap after
Heap after GC invocations=2 (full 0):
 PSYoungGen      total 75264K, used 10743K [0x000000076c400000, 0x0000000775700000, 0x00000007c0000000)
  eden space 64512K, 0% used [0x000000076c400000,0x000000076c400000,0x0000000770300000)
  from space 10752K, 99% used [0x0000000770d80000,0x00000007717fdc48,0x0000000771800000)
  to   space 10752K, 0% used [0x0000000770300000,0x0000000770300000,0x0000000770d80000)
 ParOldGen       total 172032K, used 11611K [0x00000006c4c00000, 0x00000006cf400000, 0x000000076c400000)
  object space 172032K, 6% used [0x00000006c4c00000,0x00000006c5756c50,0x00000006cf400000)
 Metaspace       used 17222K, capacity 17394K, committed 17664K, reserved 1064960K
  class space    used 2197K, capacity 2291K, committed 2304K, reserved 1048576K
}
Event: 2.139 GC heap before
{Heap before GC invocations=3 (full 0):
 PSYoungGen      total 75264K, used 53265K [0x000000076c400000, 0x0000000775700000, 0x00000007c0000000)
  eden space 64512K, 65% used [0x000000076c400000,0x000000076ed86b78,0x0000000770300000)
  from space 10752K, 99% used [0x0000000770d80000,0x00000007717fdc48,0x0000000771800000)
  to   space 10752K, 0% used [0x0000000770300000,0x0000000770300000,0x0000000770d80000)
 ParOldGen       total 172032K, used 11611K [0x00000006c4c00000, 0x00000006cf400000, 0x000000076c400000)
  object space 172032K, 6% used [0x00000006c4c00000,0x00000006c5756c50,0x00000006cf400000)
 Metaspace       used 20804K, capacity 21076K, committed 21248K, reserved 1067008K
  class space    used 2638K, capacity 2728K, committed 2816K, reserved 1048576K
Event: 2.149 GC heap after
Heap after GC invocations=3 (full 0):
 PSYoungGen      total 75264K, used 10743K [0x000000076c400000, 0x0000000775700000, 0x00000007c0000000)
  eden space 64512K, 0% used [0x000000076c400000,0x000000076c400000,0x0000000770300000)
  from space 10752K, 99% used [0x0000000770300000,0x0000000770d7dc88,0x0000000770d80000)
  to   space 10752K, 0% used [0x0000000774c80000,0x0000000774c80000,0x0000000775700000)
 ParOldGen       total 172032K, used 17310K [0x00000006c4c00000, 0x00000006cf400000, 0x000000076c400000)
  object space 172032K, 10% used [0x00000006c4c00000,0x00000006c5ce7930,0x00000006cf400000)
 Metaspace       used 20804K, capacity 21076K, committed 21248K, reserved 1067008K
  class space    used 2638K, capacity 2728K, committed 2816K, reserved 1048576K
}
Event: 2.149 GC heap before
{Heap before GC invocations=4 (full 1):
 PSYoungGen      total 75264K, used 10743K [0x000000076c400000, 0x0000000775700000, 0x00000007c0000000)
  eden space 64512K, 0% used [0x000000076c400000,0x000000076c400000,0x0000000770300000)
  from space 10752K, 99% used [0x0000000770300000,0x0000000770d7dc88,0x0000000770d80000)
  to   space 10752K, 0% used [0x0000000774c80000,0x0000000774c80000,0x0000000775700000)
 ParOldGen       total 172032K, used 17310K [0x00000006c4c00000, 0x00000006cf400000, 0x000000076c400000)
  object space 172032K, 10% used [0x00000006c4c00000,0x00000006c5ce7930,0x00000006cf400000)
 Metaspace       used 20804K, capacity 21076K, committed 21248K, reserved 1067008K
  class space    used 2638K, capacity 2728K, committed 2816K, reserved 1048576K
Event: 2.196 GC heap after
Heap after GC invocations=4 (full 1):
 PSYoungGen      total 75264K, used 0K [0x000000076c400000, 0x0000000775700000, 0x00000007c0000000)
  eden space 64512K, 0% used [0x000000076c400000,0x000000076c400000,0x0000000770300000)
  from space 10752K, 0% used [0x0000000770300000,0x0000000770300000,0x0000000770d80000)
  to   space 10752K, 0% used [0x0000000774c80000,0x0000000774c80000,0x0000000775700000)
 ParOldGen       total 131072K, used 17633K [0x00000006c4c00000, 0x00000006ccc00000, 0x000000076c400000)
  object space 131072K, 13% used [0x00000006c4c00000,0x00000006c5d38638,0x00000006ccc00000)
 Metaspace       used 20804K, capacity 21076K, committed 21248K, reserved 1067008K
  class space    used 2638K, capacity 2728K, committed 2816K, reserved 1048576K
}

