# JRE version: OpenJDK Runtime Environment (8.0_372-b07) (build 1.8.0_372-b07)
# Java VM: OpenJDK 64-Bit Server VM (25.372-b07 mixed mode windows-amd64 compressed oops)
Heap:
 PSYoungGen      total 139776K, used 35056K [0x000000076c400000, 0x000000077d500000, 0x00000007c0000000)
  eden space 129024K, 27% used [0x000000076c400000,0x000000076e63c398,0x0000000774200000)
  from space 10752K, 0% used [0x0000000774200000,0x0000000774200000,0x0000000774c80000)
  to   space 10752K, 0% used [0x000000077ca80000,0x000000077ca80000,0x000000077d500000)
 ParOldGen       total 126976K, used 17777K [0x00000006c4c00000, 0x00000006cc800000, 0x000000076c400000)
  object space 126976K, 14% used [0x00000006c4c00000,0x00000006c5d5c6b0,0x00000006cc800000)
 Metaspace       used 23955K, capacity 24249K, committed 24576K, reserved 1071104K
  class space    used 2892K, capacity 2985K, committed 3072K, reserved 1048576K
GC Heap History (8 events):
Event: 0.523 GC heap before
{Heap before GC invocations=1 (full 0):
 PSYoungGen      total 75264K, used 64512K [0x000000076c400000, 0x0000000771800000, 0x00000007c0000000)
  eden space 64512K, 100% used [0x000000076c400000,0x0000000770300000,0x0000000770300000)
  from space 10752K, 0% used [0x0000000770d80000,0x0000000770d80000,0x0000000771800000)
  to   space 10752K, 0% used [0x0000000770300000,0x0000000770300000,0x0000000770d80000)
 ParOldGen       total 172032K, used 0K [0x00000006c4c00000, 0x00000006cf400000, 0x000000076c400000)
  object space 172032K, 0% used [0x00000006c4c00000,0x00000006c4c00000,0x00000006cf400000)
 Metaspace       used 10010K, capacity 10188K, committed 10368K, reserved 1058816K
  class space    used 1195K, capacity 1288K, committed 1408K, reserved 1048576K
Event: 0.529 GC heap after
Heap after GC invocations=1 (full 0):
 PSYoungGen      total 75264K, used 10748K [0x000000076c400000, 0x0000000775700000, 0x00000007c0000000)
  eden space 64512K, 0% used [0x000000076c400000,0x000000076c400000,0x0000000770300000)
  from space 10752K, 99% used [0x0000000770300000,0x0000000770d7f248,0x0000000770d80000)
  to   space 10752K, 0% used [0x0000000774c80000,0x0000000774c80000,0x0000000775700000)
 ParOldGen       total 172032K, used 3576K [0x00000006c4c00000, 0x00000006cf400000, 0x000000076c400000)
  object space 172032K, 2% used [0x00000006c4c00000,0x00000006c4f7e158,0x00000006cf400000)
 Metaspace       used 10010K, capacity 10188K, committed 10368K, reserved 1058816K
  class space    used 1195K, capacity 1288K, committed 1408K, reserved 1048576K
}
Event: 1.066 GC heap before
{Heap before GC invocations=2 (full 0):
 PSYoungGen      total 75264K, used 75260K [0x000000076c400000, 0x0000000775700000, 0x00000007c0000000)
  eden space 64512K, 100% used [0x000000076c400000,0x0000000770300000,0x0000000770300000)
  from space 10752K, 99% used [0x0000000770300000,0x0000000770d7f248,0x0000000770d80000)
  to   space 10752K, 0% used [0x0000000774c80000,0x0000000774c80000,0x0000000775700000)
 ParOldGen       total 172032K, used 3576K [0x00000006c4c00000, 0x00000006cf400000, 0x000000076c400000)
  object space 172032K, 2% used [0x00000006c4c00000,0x00000006c4f7e158,0x00000006cf400000)
 Metaspace       used 17194K, capacity 17390K, committed 17664K, reserved 1064960K
  class space    used 2194K, capacity 2291K, committed 2304K, reserved 1048576K
Event: 1.075 GC heap after
Heap after GC invocations=2 (full 0):
 PSYoungGen      total 139776K, used 10727K [0x000000076c400000, 0x0000000775700000, 0x00000007c0000000)
  eden space 129024K, 0% used [0x000000076c400000,0x000000076c400000,0x0000000774200000)
  from space 10752K, 99% used [0x0000000774c80000,0x00000007756f9c78,0x0000000775700000)
  to   space 10752K, 0% used [0x0000000774200000,0x0000000774200000,0x0000000774c80000)
 ParOldGen       total 172032K, used 11562K [0x00000006c4c00000, 0x00000006cf400000, 0x000000076c400000)
  object space 172032K, 6% used [0x00000006c4c00000,0x00000006c574a8b8,0x00000006cf400000)
 Metaspace       used 17194K, capacity 17390K, committed 17664K, reserved 1064960K
  class space    used 2194K, capacity 2291K, committed 2304K, reserved 1048576K
}
Event: 1.590 GC heap before
{Heap before GC invocations=3 (full 0):
 PSYoungGen      total 139776K, used 57613K [0x000000076c400000, 0x0000000775700000, 0x00000007c0000000)
  eden space 129024K, 36% used [0x000000076c400000,0x000000076f1c9b00,0x0000000774200000)
  from space 10752K, 99% used [0x0000000774c80000,0x00000007756f9c78,0x0000000775700000)
  to   space 10752K, 0% used [0x0000000774200000,0x0000000774200000,0x0000000774c80000)
 ParOldGen       total 172032K, used 11562K [0x00000006c4c00000, 0x00000006cf400000, 0x000000076c400000)
  object space 172032K, 6% used [0x00000006c4c00000,0x00000006c574a8b8,0x00000006cf400000)
 Metaspace       used 20810K, capacity 21072K, committed 21248K, reserved 1067008K
  class space    used 2641K, capacity 2728K, committed 2816K, reserved 1048576K
Event: 1.601 GC heap after
Heap after GC invocations=3 (full 0):
 PSYoungGen      total 139776K, used 10739K [0x000000076c400000, 0x000000077d500000, 0x00000007c0000000)
  eden space 129024K, 0% used [0x000000076c400000,0x000000076c400000,0x0000000774200000)
  from space 10752K, 99% used [0x0000000774200000,0x0000000774c7cda0,0x0000000774c80000)
  to   space 10752K, 0% used [0x000000077ca80000,0x000000077ca80000,0x000000077d500000)
 ParOldGen       total 172032K, used 17357K [0x00000006c4c00000, 0x00000006cf400000, 0x000000076c400000)
  object space 172032K, 10% used [0x00000006c4c00000,0x00000006c5cf3598,0x00000006cf400000)
 Metaspace       used 20810K, capacity 21072K, committed 21248K, reserved 1067008K
  class space    used 2641K, capacity 2728K, committed 2816K, reserved 1048576K
}
Event: 1.601 GC heap before
{Heap before GC invocations=4 (full 1):
 PSYoungGen      total 139776K, used 10739K [0x000000076c400000, 0x000000077d500000, 0x00000007c0000000)
  eden space 129024K, 0% used [0x000000076c400000,0x000000076c400000,0x0000000774200000)
  from space 10752K, 99% used [0x0000000774200000,0x0000000774c7cda0,0x0000000774c80000)
  to   space 10752K, 0% used [0x000000077ca80000,0x000000077ca80000,0x000000077d500000)
 ParOldGen       total 172032K, used 17357K [0x00000006c4c00000, 0x00000006cf400000, 0x000000076c400000)
  object space 172032K, 10% used [0x00000006c4c00000,0x00000006c5cf3598,0x00000006cf400000)
 Metaspace       used 20810K, capacity 21072K, committed 21248K, reserved 1067008K
  class space    used 2641K, capacity 2728K, committed 2816K, reserved 1048576K
Event: 1.634 GC heap after
Heap after GC invocations=4 (full 1):
 PSYoungGen      total 139776K, used 0K [0x000000076c400000, 0x000000077d500000, 0x00000007c0000000)
  eden space 129024K, 0% used [0x000000076c400000,0x000000076c400000,0x0000000774200000)
  from space 10752K, 0% used [0x0000000774200000,0x0000000774200000,0x0000000774c80000)
  to   space 10752K, 0% used [0x000000077ca80000,0x000000077ca80000,0x000000077d500000)
 ParOldGen       total 126976K, used 17777K [0x00000006c4c00000, 0x00000006cc800000, 0x000000076c400000)
  object space 126976K, 14% used [0x00000006c4c00000,0x00000006c5d5c6b0,0x00000006cc800000)
 Metaspace       used 20810K, capacity 21072K, committed 21248K, reserved 1067008K
  class space    used 2641K, capacity 2728K, committed 2816K, reserved 1048576K
}

